2025-04-13 14:56:16,438 [Worker-4: Loading available Gradle versions] INFO  o.e.b.c.i.u.g.PublishedGradleVersions - Gradle version information cache is not available. Remote download required.
2025-04-13 15:01:13,887 [Worker-2: Import Getting Started Content] INFO  o.e.m.c.i.l.LifecycleMappingFactory - Using org.eclipse.m2e.jdt.JarLifecycleMapping lifecycle mapping for MavenProject: com.codeByte:codeByteLearning:0.0.1-SNAPSHOT @ C:\Users\prasa\OneDrive\Desktop\projectCode\codeByteLearning\pom.xml.
2025-04-13 15:01:14,779 [Worker-2: Import Getting Started Content] INFO  o.e.m.c.i.e.AbstractTransferListenerAdapter - Downloading https://repo.maven.apache.org/maven2/org/springframework/boot/spring-boot-starter-security/3.4.4/spring-boot-starter-security-3.4.4.pom
2025-04-13 15:01:14,796 [Worker-2: Import Getting Started Content] INFO  o.e.m.c.i.e.AbstractTransferListenerAdapter - Downloaded https://repo.maven.apache.org/maven2/org/springframework/boot/spring-boot-starter-security/3.4.4/spring-boot-starter-security-3.4.4.pom
2025-04-13 15:01:14,817 [Worker-2: Import Getting Started Content] INFO  o.e.m.c.i.e.AbstractTransferListenerAdapter - Downloading https://repo.maven.apache.org/maven2/org/springframework/security/spring-security-config/6.4.4/spring-security-config-6.4.4.pom
2025-04-13 15:01:14,823 [Worker-2: Import Getting Started Content] INFO  o.e.m.c.i.e.AbstractTransferListenerAdapter - Downloaded https://repo.maven.apache.org/maven2/org/springframework/security/spring-security-config/6.4.4/spring-security-config-6.4.4.pom
2025-04-13 15:01:14,842 [Worker-2: Import Getting Started Content] INFO  o.e.m.c.i.e.AbstractTransferListenerAdapter - Downloading https://repo.maven.apache.org/maven2/org/springframework/security/spring-security-core/6.4.4/spring-security-core-6.4.4.pom
2025-04-13 15:01:14,849 [Worker-2: Import Getting Started Content] INFO  o.e.m.c.i.e.AbstractTransferListenerAdapter - Downloaded https://repo.maven.apache.org/maven2/org/springframework/security/spring-security-core/6.4.4/spring-security-core-6.4.4.pom
2025-04-13 15:01:14,867 [Worker-2: Import Getting Started Content] INFO  o.e.m.c.i.e.AbstractTransferListenerAdapter - Downloading https://repo.maven.apache.org/maven2/org/springframework/security/spring-security-crypto/6.4.4/spring-security-crypto-6.4.4.pom
2025-04-13 15:01:14,872 [Worker-2: Import Getting Started Content] INFO  o.e.m.c.i.e.AbstractTransferListenerAdapter - Downloaded https://repo.maven.apache.org/maven2/org/springframework/security/spring-security-crypto/6.4.4/spring-security-crypto-6.4.4.pom
2025-04-13 15:01:14,890 [Worker-2: Import Getting Started Content] INFO  o.e.m.c.i.e.AbstractTransferListenerAdapter - Downloading https://repo.maven.apache.org/maven2/org/springframework/security/spring-security-web/6.4.4/spring-security-web-6.4.4.pom
2025-04-13 15:01:14,897 [Worker-2: Import Getting Started Content] INFO  o.e.m.c.i.e.AbstractTransferListenerAdapter - Downloaded https://repo.maven.apache.org/maven2/org/springframework/security/spring-security-web/6.4.4/spring-security-web-6.4.4.pom
2025-04-13 15:01:15,081 [Worker-2: Import Getting Started Content] INFO  o.e.m.c.i.e.AbstractTransferListenerAdapter - Downloading https://repo.maven.apache.org/maven2/org/springframework/security/spring-security-test/6.4.4/spring-security-test-6.4.4.pom
2025-04-13 15:01:15,086 [Worker-2: Import Getting Started Content] INFO  o.e.m.c.i.e.AbstractTransferListenerAdapter - Downloaded https://repo.maven.apache.org/maven2/org/springframework/security/spring-security-test/6.4.4/spring-security-test-6.4.4.pom
2025-04-13 15:01:15,322 [Worker-2: Import Getting Started Content] INFO  o.e.m.c.i.e.AbstractTransferListenerAdapter - Downloading https://repo.maven.apache.org/maven2/org/springframework/boot/spring-boot-starter-security/3.4.4/spring-boot-starter-security-3.4.4.jar
2025-04-13 15:01:15,332 [Worker-2: Import Getting Started Content] INFO  o.e.m.c.i.e.AbstractTransferListenerAdapter - Downloaded https://repo.maven.apache.org/maven2/org/springframework/boot/spring-boot-starter-security/3.4.4/spring-boot-starter-security-3.4.4.jar
2025-04-13 15:01:15,353 [BasicRepositoryConnector-repo.maven.apache.org-0-0] INFO  o.e.m.c.i.e.AbstractTransferListenerAdapter - Downloading https://repo.maven.apache.org/maven2/org/springframework/security/spring-security-config/6.4.4/spring-security-config-6.4.4.jar
2025-04-13 15:01:15,410 [BasicRepositoryConnector-repo.maven.apache.org-0-1] INFO  o.e.m.c.i.e.AbstractTransferListenerAdapter - Downloading https://repo.maven.apache.org/maven2/org/springframework/security/spring-security-web/6.4.4/spring-security-web-6.4.4.jar
2025-04-13 15:01:15,632 [BasicRepositoryConnector-repo.maven.apache.org-0-3] INFO  o.e.m.c.i.e.AbstractTransferListenerAdapter - Downloading https://repo.maven.apache.org/maven2/org/springframework/security/spring-security-core/6.4.4/spring-security-core-6.4.4.jar
2025-04-13 15:01:15,635 [BasicRepositoryConnector-repo.maven.apache.org-0-4] INFO  o.e.m.c.i.e.AbstractTransferListenerAdapter - Downloading https://repo.maven.apache.org/maven2/org/springframework/security/spring-security-crypto/6.4.4/spring-security-crypto-6.4.4.jar
2025-04-13 15:01:15,643 [BasicRepositoryConnector-repo.maven.apache.org-0-2] INFO  o.e.m.c.i.e.AbstractTransferListenerAdapter - Downloading https://repo.maven.apache.org/maven2/org/springframework/security/spring-security-test/6.4.4/spring-security-test-6.4.4.jar
2025-04-13 15:01:16,940 [BasicRepositoryConnector-repo.maven.apache.org-0-2] INFO  o.e.m.c.i.e.AbstractTransferListenerAdapter - Downloaded https://repo.maven.apache.org/maven2/org/springframework/security/spring-security-test/6.4.4/spring-security-test-6.4.4.jar
2025-04-13 15:01:17,173 [BasicRepositoryConnector-repo.maven.apache.org-0-4] INFO  o.e.m.c.i.e.AbstractTransferListenerAdapter - Downloaded https://repo.maven.apache.org/maven2/org/springframework/security/spring-security-crypto/6.4.4/spring-security-crypto-6.4.4.jar
2025-04-13 15:01:17,644 [BasicRepositoryConnector-repo.maven.apache.org-0-3] INFO  o.e.m.c.i.e.AbstractTransferListenerAdapter - Downloaded https://repo.maven.apache.org/maven2/org/springframework/security/spring-security-core/6.4.4/spring-security-core-6.4.4.jar
2025-04-13 15:01:18,055 [BasicRepositoryConnector-repo.maven.apache.org-0-1] INFO  o.e.m.c.i.e.AbstractTransferListenerAdapter - Downloaded https://repo.maven.apache.org/maven2/org/springframework/security/spring-security-web/6.4.4/spring-security-web-6.4.4.jar
2025-04-13 15:01:20,085 [BasicRepositoryConnector-repo.maven.apache.org-0-0] INFO  o.e.m.c.i.e.AbstractTransferListenerAdapter - Downloaded https://repo.maven.apache.org/maven2/org/springframework/security/spring-security-config/6.4.4/spring-security-config-6.4.4.jar
2025-04-13 15:01:21,155 [Worker-2: Import Getting Started Content] INFO  o.e.m.j.i.AbstractJavaProjectConfigurator - Adding source folder /codeByteLearning/src/main/java
2025-04-13 15:01:21,158 [Worker-2: Import Getting Started Content] INFO  o.e.m.j.i.AbstractJavaProjectConfigurator - Adding resource folder /codeByteLearning/src/main/resources
2025-04-13 15:01:21,166 [Worker-2: Import Getting Started Content] INFO  o.e.m.j.i.AbstractJavaProjectConfigurator - Adding resource folder /codeByteLearning/src/main/resources
2025-04-13 15:01:21,172 [Worker-2: Import Getting Started Content] INFO  o.e.m.j.i.AbstractJavaProjectConfigurator - Adding source folder /codeByteLearning/src/test/java
2025-04-13 15:01:21,173 [Worker-2: Import Getting Started Content] INFO  o.e.m.j.i.AbstractJavaProjectConfigurator - Adding resource folder /codeByteLearning/src/test/resources
2025-04-13 15:01:21,884 [Worker-14: Download sources and javadoc] INFO  o.e.m.c.i.e.AbstractTransferListenerAdapter - Downloading https://repo.maven.apache.org/maven2/org/springframework/boot/spring-boot-starter-security/3.4.4/spring-boot-starter-security-3.4.4-sources.jar
2025-04-13 15:01:21,893 [Worker-14: Download sources and javadoc] INFO  o.e.m.c.i.e.AbstractTransferListenerAdapter - Downloaded https://repo.maven.apache.org/maven2/org/springframework/boot/spring-boot-starter-security/3.4.4/spring-boot-starter-security-3.4.4-sources.jar
2025-04-13 15:01:21,899 [Worker-14: Download sources and javadoc] INFO  o.e.m.j.internal.DownloadSourcesJob - Downloaded sources for org.springframework.boot:spring-boot-starter-security:3.4.4
2025-04-13 15:01:21,945 [Worker-14: Download sources and javadoc] INFO  o.e.m.c.i.e.AbstractTransferListenerAdapter - Downloading https://repo.maven.apache.org/maven2/org/springframework/security/spring-security-config/6.4.4/spring-security-config-6.4.4-sources.jar
2025-04-13 15:01:22,485 [Worker-14: Download sources and javadoc] INFO  o.e.m.c.i.e.AbstractTransferListenerAdapter - Downloaded https://repo.maven.apache.org/maven2/org/springframework/security/spring-security-config/6.4.4/spring-security-config-6.4.4-sources.jar
2025-04-13 15:01:22,489 [Worker-14: Download sources and javadoc] INFO  o.e.m.j.internal.DownloadSourcesJob - Downloaded sources for org.springframework.security:spring-security-config:6.4.4
2025-04-13 15:01:22,556 [Worker-14: Download sources and javadoc] INFO  o.e.m.c.i.e.AbstractTransferListenerAdapter - Downloading https://repo.maven.apache.org/maven2/org/springframework/security/spring-security-web/6.4.4/spring-security-web-6.4.4-sources.jar
2025-04-13 15:01:23,158 [Worker-14: Download sources and javadoc] INFO  o.e.m.c.i.e.AbstractTransferListenerAdapter - Downloaded https://repo.maven.apache.org/maven2/org/springframework/security/spring-security-web/6.4.4/spring-security-web-6.4.4-sources.jar
2025-04-13 15:01:23,192 [Worker-14: Download sources and javadoc] INFO  o.e.m.j.internal.DownloadSourcesJob - Downloaded sources for org.springframework.security:spring-security-web:6.4.4
2025-04-13 15:01:23,251 [Worker-14: Download sources and javadoc] INFO  o.e.m.c.i.e.AbstractTransferListenerAdapter - Downloading https://repo.maven.apache.org/maven2/org/springframework/boot/spring-boot-starter-websocket/3.4.4/spring-boot-starter-websocket-3.4.4-sources.jar
2025-04-13 15:01:23,265 [Worker-14: Download sources and javadoc] INFO  o.e.m.c.i.e.AbstractTransferListenerAdapter - Downloaded https://repo.maven.apache.org/maven2/org/springframework/boot/spring-boot-starter-websocket/3.4.4/spring-boot-starter-websocket-3.4.4-sources.jar
2025-04-13 15:01:23,276 [Worker-14: Download sources and javadoc] INFO  o.e.m.j.internal.DownloadSourcesJob - Downloaded sources for org.springframework.boot:spring-boot-starter-websocket:3.4.4
2025-04-13 15:01:23,333 [Worker-14: Download sources and javadoc] INFO  o.e.m.c.i.e.AbstractTransferListenerAdapter - Downloading https://repo.maven.apache.org/maven2/org/springframework/spring-messaging/6.2.5/spring-messaging-6.2.5-sources.jar
2025-04-13 15:01:23,510 [Worker-14: Download sources and javadoc] INFO  o.e.m.c.i.e.AbstractTransferListenerAdapter - Downloaded https://repo.maven.apache.org/maven2/org/springframework/spring-messaging/6.2.5/spring-messaging-6.2.5-sources.jar
2025-04-13 15:01:23,515 [Worker-14: Download sources and javadoc] INFO  o.e.m.j.internal.DownloadSourcesJob - Downloaded sources for org.springframework:spring-messaging:6.2.5
2025-04-13 15:01:23,553 [Worker-14: Download sources and javadoc] INFO  o.e.m.c.i.e.AbstractTransferListenerAdapter - Downloading https://repo.maven.apache.org/maven2/org/springframework/spring-websocket/6.2.5/spring-websocket-6.2.5-sources.jar
2025-04-13 15:01:23,697 [Worker-2: Import Getting Started Content] INFO  o.e.m.c.i.p.ProjectConfigurationManager - Imported and configured 1 project(s) in 11 sec
2025-04-13 15:01:23,708 [Worker-2: Import Getting Started Content] INFO  o.e.m.c.i.p.ProjectConfigurationManager - Update started
2025-04-13 15:01:23,873 [Worker-14: Download sources and javadoc] INFO  o.e.m.c.i.e.AbstractTransferListenerAdapter - Downloaded https://repo.maven.apache.org/maven2/org/springframework/spring-websocket/6.2.5/spring-websocket-6.2.5-sources.jar
2025-04-13 15:01:23,878 [Worker-14: Download sources and javadoc] INFO  o.e.m.j.internal.DownloadSourcesJob - Downloaded sources for org.springframework:spring-websocket:6.2.5
2025-04-13 15:01:27,500 [Worker-14: Download sources and javadoc] INFO  o.e.m.c.i.e.AbstractTransferListenerAdapter - Downloading https://repo.maven.apache.org/maven2/org/springframework/security/spring-security-test/6.4.4/spring-security-test-6.4.4-sources.jar
2025-04-13 15:01:27,500 [Worker-14: Download sources and javadoc] INFO  o.e.m.c.i.e.AbstractTransferListenerAdapter - Downloaded https://repo.maven.apache.org/maven2/org/springframework/security/spring-security-test/6.4.4/spring-security-test-6.4.4-sources.jar
2025-04-13 15:01:27,516 [Worker-14: Download sources and javadoc] INFO  o.e.m.j.internal.DownloadSourcesJob - Downloaded sources for org.springframework.security:spring-security-test:6.4.4
2025-04-13 15:01:27,535 [Worker-2: Import Getting Started Content] INFO  o.e.m.c.i.l.LifecycleMappingFactory - Using org.eclipse.m2e.jdt.JarLifecycleMapping lifecycle mapping for MavenProject: com.codeByte:codeByteLearning:0.0.1-SNAPSHOT @ C:\Users\prasa\OneDrive\Desktop\projectCode\codeByteLearning\pom.xml.
2025-04-13 15:01:27,548 [Worker-14: Download sources and javadoc] INFO  o.e.m.c.i.e.AbstractTransferListenerAdapter - Downloading https://repo.maven.apache.org/maven2/org/springframework/security/spring-security-core/6.4.4/spring-security-core-6.4.4-sources.jar
2025-04-13 15:01:27,595 [Worker-14: Download sources and javadoc] INFO  o.e.m.c.i.e.AbstractTransferListenerAdapter - Downloaded https://repo.maven.apache.org/maven2/org/springframework/security/spring-security-core/6.4.4/spring-security-core-6.4.4-sources.jar
2025-04-13 15:01:27,610 [Worker-14: Download sources and javadoc] INFO  o.e.m.j.internal.DownloadSourcesJob - Downloaded sources for org.springframework.security:spring-security-core:6.4.4
2025-04-13 15:01:27,657 [Worker-14: Download sources and javadoc] INFO  o.e.m.c.i.e.AbstractTransferListenerAdapter - Downloading https://repo.maven.apache.org/maven2/org/springframework/security/spring-security-crypto/6.4.4/spring-security-crypto-6.4.4-sources.jar
2025-04-13 15:01:27,673 [Worker-14: Download sources and javadoc] INFO  o.e.m.c.i.e.AbstractTransferListenerAdapter - Downloaded https://repo.maven.apache.org/maven2/org/springframework/security/spring-security-crypto/6.4.4/spring-security-crypto-6.4.4-sources.jar
2025-04-13 15:01:27,673 [Worker-14: Download sources and javadoc] INFO  o.e.m.j.internal.DownloadSourcesJob - Downloaded sources for org.springframework.security:spring-security-crypto:6.4.4
2025-04-13 15:01:29,570 [Worker-2: Import Getting Started Content] INFO  o.e.m.j.i.AbstractJavaProjectConfigurator - Adding source folder /codeByteLearning/src/main/java
2025-04-13 15:01:29,570 [Worker-2: Import Getting Started Content] INFO  o.e.m.j.i.AbstractJavaProjectConfigurator - Adding resource folder /codeByteLearning/src/main/resources
2025-04-13 15:01:29,570 [Worker-2: Import Getting Started Content] INFO  o.e.m.j.i.AbstractJavaProjectConfigurator - Adding resource folder /codeByteLearning/src/main/resources
2025-04-13 15:01:29,586 [Worker-2: Import Getting Started Content] INFO  o.e.m.j.i.AbstractJavaProjectConfigurator - Adding source folder /codeByteLearning/src/test/java
2025-04-13 15:01:29,586 [Worker-2: Import Getting Started Content] INFO  o.e.m.j.i.AbstractJavaProjectConfigurator - Adding resource folder /codeByteLearning/src/test/resources
2025-04-13 15:01:31,183 [Worker-2: Import Getting Started Content] INFO  o.e.m.c.i.p.ProjectConfigurationManager - Update completed for 1 poms: local refresh takes 0.00 sec, refresh facades takes 5.00 sec, update config takes 0.00 sec 
2025-04-13 15:01:34,790 [Worker-19: Building] INFO  o.a.m.s.f.DefaultMavenResourcesFiltering - Copying 1 resource from src\main\resources to target\classes
2025-04-13 15:01:34,822 [Worker-19: Building] INFO  o.a.m.s.f.DefaultMavenResourcesFiltering - Copying 0 resource from src\main\resources to target\classes
2025-04-13 15:01:34,822 [Worker-19: Building] INFO  o.a.m.s.f.DefaultMavenResourcesFiltering - skip non existing resourceDirectory C:\Users\prasa\OneDrive\Desktop\projectCode\codeByteLearning\src\test\resources
2025-04-13 15:06:05,087 [Worker-0: Loading available Gradle versions] INFO  o.e.b.c.i.u.g.PublishedGradleVersions - Gradle version information cache is up-to-date. Trying to read.
2025-04-13 15:07:57,214 [main] INFO  o.e.m2e.actions.ExecutePomAction - Creating new launch configuration
2025-04-13 15:08:00,761 [Worker-1: Launching codeByteLearning] INFO  o.eclipse.m2e.core.internal.Bundles - getClasspathEntries(Bundle=org.eclipse.m2e.maven.runtime_3.9.900.20240824-1409 [638])
2025-04-13 15:08:00,763 [Worker-1: Launching codeByteLearning] INFO  o.eclipse.m2e.core.internal.Bundles - 	Entry: C:\Users\prasa\.p2\pool\plugins\org.eclipse.m2e.maven.runtime_3.9.900.20240824-1409
2025-04-13 15:08:00,764 [Worker-1: Launching codeByteLearning] INFO  o.eclipse.m2e.core.internal.Bundles - 	Entry: C:\Users\prasa\.p2\pool\plugins\org.eclipse.m2e.maven.runtime_3.9.900.20240824-1409\jars\aopalliance-1.0.jar
2025-04-13 15:08:00,764 [Worker-1: Launching codeByteLearning] INFO  o.eclipse.m2e.core.internal.Bundles - 	Entry: C:\Users\prasa\.p2\pool\plugins\org.eclipse.m2e.maven.runtime_3.9.900.20240824-1409\jars\guice-5.1.0.jar
2025-04-13 15:08:00,764 [Worker-1: Launching codeByteLearning] INFO  o.eclipse.m2e.core.internal.Bundles - 	Entry: C:\Users\prasa\.p2\pool\plugins\org.eclipse.m2e.maven.runtime_3.9.900.20240824-1409\jars\httpclient-4.5.14.jar
2025-04-13 15:08:00,765 [Worker-1: Launching codeByteLearning] INFO  o.eclipse.m2e.core.internal.Bundles - 	Entry: C:\Users\prasa\.p2\pool\plugins\org.eclipse.m2e.maven.runtime_3.9.900.20240824-1409\jars\httpcore-4.4.16.jar
2025-04-13 15:08:00,765 [Worker-1: Launching codeByteLearning] INFO  o.eclipse.m2e.core.internal.Bundles - 	Entry: C:\Users\prasa\.p2\pool\plugins\org.eclipse.m2e.maven.runtime_3.9.900.20240824-1409\jars\jansi-2.4.1.jar
2025-04-13 15:08:00,765 [Worker-1: Launching codeByteLearning] INFO  o.eclipse.m2e.core.internal.Bundles - 	Entry: C:\Users\prasa\.p2\pool\plugins\org.eclipse.m2e.maven.runtime_3.9.900.20240824-1409\jars\jcl-over-slf4j-1.7.36.jar
2025-04-13 15:08:00,765 [Worker-1: Launching codeByteLearning] INFO  o.eclipse.m2e.core.internal.Bundles - 	Entry: C:\Users\prasa\.p2\pool\plugins\org.eclipse.m2e.maven.runtime_3.9.900.20240824-1409\jars\maven-artifact-3.9.9.jar
2025-04-13 15:08:00,766 [Worker-1: Launching codeByteLearning] INFO  o.eclipse.m2e.core.internal.Bundles - 	Entry: C:\Users\prasa\.p2\pool\plugins\org.eclipse.m2e.maven.runtime_3.9.900.20240824-1409\jars\maven-builder-support-3.9.9.jar
2025-04-13 15:08:00,766 [Worker-1: Launching codeByteLearning] INFO  o.eclipse.m2e.core.internal.Bundles - 	Entry: C:\Users\prasa\.p2\pool\plugins\org.eclipse.m2e.maven.runtime_3.9.900.20240824-1409\jars\maven-compat-3.9.9.jar
2025-04-13 15:08:00,766 [Worker-1: Launching codeByteLearning] INFO  o.eclipse.m2e.core.internal.Bundles - 	Entry: C:\Users\prasa\.p2\pool\plugins\org.eclipse.m2e.maven.runtime_3.9.900.20240824-1409\jars\maven-core-3.9.9.jar
2025-04-13 15:08:00,766 [Worker-1: Launching codeByteLearning] INFO  o.eclipse.m2e.core.internal.Bundles - 	Entry: C:\Users\prasa\.p2\pool\plugins\org.eclipse.m2e.maven.runtime_3.9.900.20240824-1409\jars\maven-embedder-3.9.9.jar
2025-04-13 15:08:00,767 [Worker-1: Launching codeByteLearning] INFO  o.eclipse.m2e.core.internal.Bundles - 	Entry: C:\Users\prasa\.p2\pool\plugins\org.eclipse.m2e.maven.runtime_3.9.900.20240824-1409\jars\maven-model-3.9.9.jar
2025-04-13 15:08:00,767 [Worker-1: Launching codeByteLearning] INFO  o.eclipse.m2e.core.internal.Bundles - 	Entry: C:\Users\prasa\.p2\pool\plugins\org.eclipse.m2e.maven.runtime_3.9.900.20240824-1409\jars\maven-model-builder-3.9.9.jar
2025-04-13 15:08:00,767 [Worker-1: Launching codeByteLearning] INFO  o.eclipse.m2e.core.internal.Bundles - 	Entry: C:\Users\prasa\.p2\pool\plugins\org.eclipse.m2e.maven.runtime_3.9.900.20240824-1409\jars\maven-plugin-api-3.9.9.jar
2025-04-13 15:08:00,767 [Worker-1: Launching codeByteLearning] INFO  o.eclipse.m2e.core.internal.Bundles - 	Entry: C:\Users\prasa\.p2\pool\plugins\org.eclipse.m2e.maven.runtime_3.9.900.20240824-1409\jars\maven-repository-metadata-3.9.9.jar
2025-04-13 15:08:00,767 [Worker-1: Launching codeByteLearning] INFO  o.eclipse.m2e.core.internal.Bundles - 	Entry: C:\Users\prasa\.p2\pool\plugins\org.eclipse.m2e.maven.runtime_3.9.900.20240824-1409\jars\maven-resolver-api-1.9.22.jar
2025-04-13 15:08:00,768 [Worker-1: Launching codeByteLearning] INFO  o.eclipse.m2e.core.internal.Bundles - 	Entry: C:\Users\prasa\.p2\pool\plugins\org.eclipse.m2e.maven.runtime_3.9.900.20240824-1409\jars\maven-resolver-connector-basic-1.9.22.jar
2025-04-13 15:08:00,769 [Worker-1: Launching codeByteLearning] INFO  o.eclipse.m2e.core.internal.Bundles - 	Entry: C:\Users\prasa\.p2\pool\plugins\org.eclipse.m2e.maven.runtime_3.9.900.20240824-1409\jars\maven-resolver-impl-1.9.22.jar
2025-04-13 15:08:00,770 [Worker-1: Launching codeByteLearning] INFO  o.eclipse.m2e.core.internal.Bundles - 	Entry: C:\Users\prasa\.p2\pool\plugins\org.eclipse.m2e.maven.runtime_3.9.900.20240824-1409\jars\maven-resolver-named-locks-1.9.22.jar
2025-04-13 15:08:00,771 [Worker-1: Launching codeByteLearning] INFO  o.eclipse.m2e.core.internal.Bundles - 	Entry: C:\Users\prasa\.p2\pool\plugins\org.eclipse.m2e.maven.runtime_3.9.900.20240824-1409\jars\maven-resolver-provider-3.9.9.jar
2025-04-13 15:08:00,772 [Worker-1: Launching codeByteLearning] INFO  o.eclipse.m2e.core.internal.Bundles - 	Entry: C:\Users\prasa\.p2\pool\plugins\org.eclipse.m2e.maven.runtime_3.9.900.20240824-1409\jars\maven-resolver-spi-1.9.22.jar
2025-04-13 15:08:00,772 [Worker-1: Launching codeByteLearning] INFO  o.eclipse.m2e.core.internal.Bundles - 	Entry: C:\Users\prasa\.p2\pool\plugins\org.eclipse.m2e.maven.runtime_3.9.900.20240824-1409\jars\maven-resolver-transport-file-1.9.22.jar
2025-04-13 15:08:00,773 [Worker-1: Launching codeByteLearning] INFO  o.eclipse.m2e.core.internal.Bundles - 	Entry: C:\Users\prasa\.p2\pool\plugins\org.eclipse.m2e.maven.runtime_3.9.900.20240824-1409\jars\maven-resolver-transport-http-1.9.22.jar
2025-04-13 15:08:00,773 [Worker-1: Launching codeByteLearning] INFO  o.eclipse.m2e.core.internal.Bundles - 	Entry: C:\Users\prasa\.p2\pool\plugins\org.eclipse.m2e.maven.runtime_3.9.900.20240824-1409\jars\maven-resolver-transport-wagon-1.9.22.jar
2025-04-13 15:08:00,773 [Worker-1: Launching codeByteLearning] INFO  o.eclipse.m2e.core.internal.Bundles - 	Entry: C:\Users\prasa\.p2\pool\plugins\org.eclipse.m2e.maven.runtime_3.9.900.20240824-1409\jars\maven-resolver-util-1.9.22.jar
2025-04-13 15:08:00,773 [Worker-1: Launching codeByteLearning] INFO  o.eclipse.m2e.core.internal.Bundles - 	Entry: C:\Users\prasa\.p2\pool\plugins\org.eclipse.m2e.maven.runtime_3.9.900.20240824-1409\jars\maven-settings-3.9.9.jar
2025-04-13 15:08:00,773 [Worker-1: Launching codeByteLearning] INFO  o.eclipse.m2e.core.internal.Bundles - 	Entry: C:\Users\prasa\.p2\pool\plugins\org.eclipse.m2e.maven.runtime_3.9.900.20240824-1409\jars\maven-settings-builder-3.9.9.jar
2025-04-13 15:08:00,774 [Worker-1: Launching codeByteLearning] INFO  o.eclipse.m2e.core.internal.Bundles - 	Entry: C:\Users\prasa\.p2\pool\plugins\org.eclipse.m2e.maven.runtime_3.9.900.20240824-1409\jars\maven-shared-utils-3.4.2.jar
2025-04-13 15:08:00,774 [Worker-1: Launching codeByteLearning] INFO  o.eclipse.m2e.core.internal.Bundles - 	Entry: C:\Users\prasa\.p2\pool\plugins\org.eclipse.m2e.maven.runtime_3.9.900.20240824-1409\jars\org.eclipse.sisu.inject-0.9.0.M3.jar
2025-04-13 15:08:00,774 [Worker-1: Launching codeByteLearning] INFO  o.eclipse.m2e.core.internal.Bundles - 	Entry: C:\Users\prasa\.p2\pool\plugins\org.eclipse.m2e.maven.runtime_3.9.900.20240824-1409\jars\org.eclipse.sisu.plexus-0.9.0.M3.jar
2025-04-13 15:08:00,774 [Worker-1: Launching codeByteLearning] INFO  o.eclipse.m2e.core.internal.Bundles - 	Entry: C:\Users\prasa\.p2\pool\plugins\org.eclipse.m2e.maven.runtime_3.9.900.20240824-1409\jars\plexus-build-api-0.0.7.jar
2025-04-13 15:08:00,774 [Worker-1: Launching codeByteLearning] INFO  o.eclipse.m2e.core.internal.Bundles - 	Entry: C:\Users\prasa\.p2\pool\plugins\org.eclipse.m2e.maven.runtime_3.9.900.20240824-1409\jars\plexus-build-api-1.2.0.jar
2025-04-13 15:08:00,774 [Worker-1: Launching codeByteLearning] INFO  o.eclipse.m2e.core.internal.Bundles - 	Entry: C:\Users\prasa\.p2\pool\plugins\org.eclipse.m2e.maven.runtime_3.9.900.20240824-1409\jars\plexus-cipher-2.0.jar
2025-04-13 15:08:00,775 [Worker-1: Launching codeByteLearning] INFO  o.eclipse.m2e.core.internal.Bundles - 	Entry: C:\Users\prasa\.p2\pool\plugins\org.eclipse.m2e.maven.runtime_3.9.900.20240824-1409\jars\plexus-classworlds-2.8.0.jar
2025-04-13 15:08:00,775 [Worker-1: Launching codeByteLearning] INFO  o.eclipse.m2e.core.internal.Bundles - 	Entry: C:\Users\prasa\.p2\pool\plugins\org.eclipse.m2e.maven.runtime_3.9.900.20240824-1409\jars\plexus-component-annotations-2.1.0.jar
2025-04-13 15:08:00,775 [Worker-1: Launching codeByteLearning] INFO  o.eclipse.m2e.core.internal.Bundles - 	Entry: C:\Users\prasa\.p2\pool\plugins\org.eclipse.m2e.maven.runtime_3.9.900.20240824-1409\jars\plexus-interpolation-1.27.jar
2025-04-13 15:08:00,776 [Worker-1: Launching codeByteLearning] INFO  o.eclipse.m2e.core.internal.Bundles - 	Entry: C:\Users\prasa\.p2\pool\plugins\org.eclipse.m2e.maven.runtime_3.9.900.20240824-1409\jars\plexus-sec-dispatcher-2.0.jar
2025-04-13 15:08:00,776 [Worker-1: Launching codeByteLearning] INFO  o.eclipse.m2e.core.internal.Bundles - 	Entry: C:\Users\prasa\.p2\pool\plugins\org.eclipse.m2e.maven.runtime_3.9.900.20240824-1409\jars\plexus-utils-3.5.1.jar
2025-04-13 15:08:00,776 [Worker-1: Launching codeByteLearning] INFO  o.eclipse.m2e.core.internal.Bundles - 	Entry: C:\Users\prasa\.p2\pool\plugins\org.eclipse.m2e.maven.runtime_3.9.900.20240824-1409\jars\plexus-xml-3.0.1.jar
2025-04-13 15:08:00,776 [Worker-1: Launching codeByteLearning] INFO  o.eclipse.m2e.core.internal.Bundles - 	Entry: C:\Users\prasa\.p2\pool\plugins\org.eclipse.m2e.maven.runtime_3.9.900.20240824-1409\jars\wagon-file-3.5.3.jar
2025-04-13 15:08:00,777 [Worker-1: Launching codeByteLearning] INFO  o.eclipse.m2e.core.internal.Bundles - 	Entry: C:\Users\prasa\.p2\pool\plugins\org.eclipse.m2e.maven.runtime_3.9.900.20240824-1409\jars\wagon-http-3.5.3.jar
2025-04-13 15:08:00,777 [Worker-1: Launching codeByteLearning] INFO  o.eclipse.m2e.core.internal.Bundles - 	Entry: C:\Users\prasa\.p2\pool\plugins\org.eclipse.m2e.maven.runtime_3.9.900.20240824-1409\jars\wagon-http-shared-3.5.3.jar
2025-04-13 15:08:00,777 [Worker-1: Launching codeByteLearning] INFO  o.eclipse.m2e.core.internal.Bundles - 	Entry: C:\Users\prasa\.p2\pool\plugins\org.eclipse.m2e.maven.runtime_3.9.900.20240824-1409\jars\wagon-provider-api-3.5.3.jar
2025-04-13 15:08:00,780 [Worker-1: Launching codeByteLearning] INFO  o.eclipse.m2e.core.internal.Bundles - getClasspathEntries(Bundle=com.google.guava_33.3.1.jre [16])
2025-04-13 15:08:00,780 [Worker-1: Launching codeByteLearning] INFO  o.eclipse.m2e.core.internal.Bundles - 	Entry: C:\Users\prasa\.p2\pool\plugins\com.google.guava_33.3.1.jre.jar
2025-04-13 15:08:00,781 [Worker-1: Launching codeByteLearning] INFO  o.eclipse.m2e.core.internal.Bundles - getClasspathEntries(Bundle=slf4j.api_2.0.16 [1005])
2025-04-13 15:08:00,781 [Worker-1: Launching codeByteLearning] INFO  o.eclipse.m2e.core.internal.Bundles - 	Entry: C:\Users\prasa\.p2\pool\plugins\slf4j.api_2.0.16.jar
2025-04-13 15:08:00,782 [Worker-1: Launching codeByteLearning] INFO  o.eclipse.m2e.core.internal.Bundles - getClasspathEntries(Bundle=jakarta.inject.jakarta.inject-api_1.0.5 [34])
2025-04-13 15:08:00,783 [Worker-1: Launching codeByteLearning] INFO  o.eclipse.m2e.core.internal.Bundles - 	Entry: C:\Users\prasa\.p2\pool\plugins\jakarta.inject.jakarta.inject-api_1.0.5.jar
2025-04-13 15:08:00,783 [Worker-1: Launching codeByteLearning] INFO  o.eclipse.m2e.core.internal.Bundles - getClasspathEntries(Bundle=jakarta.annotation-api_1.3.5 [29])
2025-04-13 15:08:00,785 [Worker-1: Launching codeByteLearning] INFO  o.eclipse.m2e.core.internal.Bundles - 	Entry: C:\Users\prasa\.p2\pool\plugins\jakarta.annotation-api_1.3.5.jar
2025-04-13 15:08:00,786 [Worker-1: Launching codeByteLearning] INFO  o.eclipse.m2e.core.internal.Bundles - getClasspathEntries(Bundle=org.apache.commons.cli_1.9.0 [75])
2025-04-13 15:08:00,788 [Worker-1: Launching codeByteLearning] INFO  o.eclipse.m2e.core.internal.Bundles - 	Entry: C:\Users\prasa\.p2\pool\plugins\org.apache.commons.cli_1.9.0.jar
2025-04-13 15:08:00,788 [Worker-1: Launching codeByteLearning] INFO  o.eclipse.m2e.core.internal.Bundles - getClasspathEntries(Bundle=org.apache.commons.commons-codec_1.16.0 [78])
2025-04-13 15:08:00,789 [Worker-1: Launching codeByteLearning] INFO  o.eclipse.m2e.core.internal.Bundles - 	Entry: C:\Users\prasa\.p2\pool\plugins\org.apache.commons.commons-codec_1.16.0.jar
2025-04-13 15:08:00,789 [Worker-1: Launching codeByteLearning] INFO  o.eclipse.m2e.core.internal.Bundles - getClasspathEntries(Bundle=com.google.guava.failureaccess_1.0.2 [17])
2025-04-13 15:08:00,789 [Worker-1: Launching codeByteLearning] INFO  o.eclipse.m2e.core.internal.Bundles - 	Entry: C:\Users\prasa\.p2\pool\plugins\com.google.guava.failureaccess_1.0.2.jar
2025-04-13 15:08:00,793 [Worker-1: Launching codeByteLearning] INFO  o.e.m.i.launch.MavenLaunchDelegate - Run build in "C:\Users\prasa\OneDrive\Desktop\projectCode\codeByteLearning":
2025-04-13 15:08:00,806 [Worker-1: Launching codeByteLearning] INFO  o.e.m.i.launch.MavenLaunchDelegate -  mvn  -Ppom.xml -B -Dstyle.color=always 
2025-04-13 15:09:00,528 [Worker-13: Updating Maven Project] INFO  o.e.m.c.i.p.ProjectConfigurationManager - Update started
2025-04-13 15:09:01,757 [Worker-13: Updating Maven Project] INFO  o.e.m.c.i.l.LifecycleMappingFactory - Using org.eclipse.m2e.jdt.JarLifecycleMapping lifecycle mapping for MavenProject: com.codeByte:codeByteLearning:0.0.1-SNAPSHOT @ C:\Users\prasa\OneDrive\Desktop\projectCode\codeByteLearning\pom.xml.
2025-04-13 15:09:02,853 [Worker-13: Updating Maven Project] INFO  o.e.m.j.i.AbstractJavaProjectConfigurator - Adding source folder /codeByteLearning/src/main/java
2025-04-13 15:09:02,856 [Worker-13: Updating Maven Project] INFO  o.e.m.j.i.AbstractJavaProjectConfigurator - Adding resource folder /codeByteLearning/src/main/resources
2025-04-13 15:09:02,857 [Worker-13: Updating Maven Project] INFO  o.e.m.j.i.AbstractJavaProjectConfigurator - Adding resource folder /codeByteLearning/src/main/resources
2025-04-13 15:09:02,858 [Worker-13: Updating Maven Project] INFO  o.e.m.j.i.AbstractJavaProjectConfigurator - Adding source folder /codeByteLearning/src/test/java
2025-04-13 15:09:02,859 [Worker-13: Updating Maven Project] INFO  o.e.m.j.i.AbstractJavaProjectConfigurator - Adding resource folder /codeByteLearning/src/test/resources
2025-04-13 15:09:03,758 [Worker-13: Updating Maven Project] INFO  o.e.m.c.i.p.ProjectConfigurationManager - Update completed for 1 poms: local refresh takes 0.00 sec, refresh facades takes 2.00 sec, update config takes 0.00 sec 
2025-04-13 15:09:05,313 [Worker-9: Building] INFO  o.a.m.s.f.DefaultMavenResourcesFiltering - Copying 1 resource from src\main\resources to target\classes
2025-04-13 15:09:05,325 [Worker-9: Building] INFO  o.a.m.s.f.DefaultMavenResourcesFiltering - Copying 0 resource from src\main\resources to target\classes
2025-04-13 15:09:05,329 [Worker-9: Building] INFO  o.a.m.s.f.DefaultMavenResourcesFiltering - skip non existing resourceDirectory C:\Users\prasa\OneDrive\Desktop\projectCode\codeByteLearning\src\test\resources
2025-04-13 15:09:13,684 [main] INFO  o.e.m2e.actions.ExecutePomAction - Creating new launch configuration
2025-04-13 15:09:16,789 [Worker-11: Launching codeByteLearning (1)] INFO  o.eclipse.m2e.core.internal.Bundles - getClasspathEntries(Bundle=org.eclipse.m2e.maven.runtime_3.9.900.20240824-1409 [638])
2025-04-13 15:09:16,791 [Worker-11: Launching codeByteLearning (1)] INFO  o.eclipse.m2e.core.internal.Bundles - 	Entry: C:\Users\prasa\.p2\pool\plugins\org.eclipse.m2e.maven.runtime_3.9.900.20240824-1409
2025-04-13 15:09:16,795 [Worker-11: Launching codeByteLearning (1)] INFO  o.eclipse.m2e.core.internal.Bundles - 	Entry: C:\Users\prasa\.p2\pool\plugins\org.eclipse.m2e.maven.runtime_3.9.900.20240824-1409\jars\aopalliance-1.0.jar
2025-04-13 15:09:16,795 [Worker-11: Launching codeByteLearning (1)] INFO  o.eclipse.m2e.core.internal.Bundles - 	Entry: C:\Users\prasa\.p2\pool\plugins\org.eclipse.m2e.maven.runtime_3.9.900.20240824-1409\jars\guice-5.1.0.jar
2025-04-13 15:09:16,796 [Worker-11: Launching codeByteLearning (1)] INFO  o.eclipse.m2e.core.internal.Bundles - 	Entry: C:\Users\prasa\.p2\pool\plugins\org.eclipse.m2e.maven.runtime_3.9.900.20240824-1409\jars\httpclient-4.5.14.jar
2025-04-13 15:09:16,796 [Worker-11: Launching codeByteLearning (1)] INFO  o.eclipse.m2e.core.internal.Bundles - 	Entry: C:\Users\prasa\.p2\pool\plugins\org.eclipse.m2e.maven.runtime_3.9.900.20240824-1409\jars\httpcore-4.4.16.jar
2025-04-13 15:09:16,796 [Worker-11: Launching codeByteLearning (1)] INFO  o.eclipse.m2e.core.internal.Bundles - 	Entry: C:\Users\prasa\.p2\pool\plugins\org.eclipse.m2e.maven.runtime_3.9.900.20240824-1409\jars\jansi-2.4.1.jar
2025-04-13 15:09:16,797 [Worker-11: Launching codeByteLearning (1)] INFO  o.eclipse.m2e.core.internal.Bundles - 	Entry: C:\Users\prasa\.p2\pool\plugins\org.eclipse.m2e.maven.runtime_3.9.900.20240824-1409\jars\jcl-over-slf4j-1.7.36.jar
2025-04-13 15:09:16,797 [Worker-11: Launching codeByteLearning (1)] INFO  o.eclipse.m2e.core.internal.Bundles - 	Entry: C:\Users\prasa\.p2\pool\plugins\org.eclipse.m2e.maven.runtime_3.9.900.20240824-1409\jars\maven-artifact-3.9.9.jar
2025-04-13 15:09:16,797 [Worker-11: Launching codeByteLearning (1)] INFO  o.eclipse.m2e.core.internal.Bundles - 	Entry: C:\Users\prasa\.p2\pool\plugins\org.eclipse.m2e.maven.runtime_3.9.900.20240824-1409\jars\maven-builder-support-3.9.9.jar
2025-04-13 15:09:16,797 [Worker-11: Launching codeByteLearning (1)] INFO  o.eclipse.m2e.core.internal.Bundles - 	Entry: C:\Users\prasa\.p2\pool\plugins\org.eclipse.m2e.maven.runtime_3.9.900.20240824-1409\jars\maven-compat-3.9.9.jar
2025-04-13 15:09:16,797 [Worker-11: Launching codeByteLearning (1)] INFO  o.eclipse.m2e.core.internal.Bundles - 	Entry: C:\Users\prasa\.p2\pool\plugins\org.eclipse.m2e.maven.runtime_3.9.900.20240824-1409\jars\maven-core-3.9.9.jar
2025-04-13 15:09:16,798 [Worker-11: Launching codeByteLearning (1)] INFO  o.eclipse.m2e.core.internal.Bundles - 	Entry: C:\Users\prasa\.p2\pool\plugins\org.eclipse.m2e.maven.runtime_3.9.900.20240824-1409\jars\maven-embedder-3.9.9.jar
2025-04-13 15:09:16,798 [Worker-11: Launching codeByteLearning (1)] INFO  o.eclipse.m2e.core.internal.Bundles - 	Entry: C:\Users\prasa\.p2\pool\plugins\org.eclipse.m2e.maven.runtime_3.9.900.20240824-1409\jars\maven-model-3.9.9.jar
2025-04-13 15:09:16,798 [Worker-11: Launching codeByteLearning (1)] INFO  o.eclipse.m2e.core.internal.Bundles - 	Entry: C:\Users\prasa\.p2\pool\plugins\org.eclipse.m2e.maven.runtime_3.9.900.20240824-1409\jars\maven-model-builder-3.9.9.jar
2025-04-13 15:09:16,799 [Worker-11: Launching codeByteLearning (1)] INFO  o.eclipse.m2e.core.internal.Bundles - 	Entry: C:\Users\prasa\.p2\pool\plugins\org.eclipse.m2e.maven.runtime_3.9.900.20240824-1409\jars\maven-plugin-api-3.9.9.jar
2025-04-13 15:09:16,799 [Worker-11: Launching codeByteLearning (1)] INFO  o.eclipse.m2e.core.internal.Bundles - 	Entry: C:\Users\prasa\.p2\pool\plugins\org.eclipse.m2e.maven.runtime_3.9.900.20240824-1409\jars\maven-repository-metadata-3.9.9.jar
2025-04-13 15:09:16,800 [Worker-11: Launching codeByteLearning (1)] INFO  o.eclipse.m2e.core.internal.Bundles - 	Entry: C:\Users\prasa\.p2\pool\plugins\org.eclipse.m2e.maven.runtime_3.9.900.20240824-1409\jars\maven-resolver-api-1.9.22.jar
2025-04-13 15:09:16,800 [Worker-11: Launching codeByteLearning (1)] INFO  o.eclipse.m2e.core.internal.Bundles - 	Entry: C:\Users\prasa\.p2\pool\plugins\org.eclipse.m2e.maven.runtime_3.9.900.20240824-1409\jars\maven-resolver-connector-basic-1.9.22.jar
2025-04-13 15:09:16,800 [Worker-11: Launching codeByteLearning (1)] INFO  o.eclipse.m2e.core.internal.Bundles - 	Entry: C:\Users\prasa\.p2\pool\plugins\org.eclipse.m2e.maven.runtime_3.9.900.20240824-1409\jars\maven-resolver-impl-1.9.22.jar
2025-04-13 15:09:16,800 [Worker-11: Launching codeByteLearning (1)] INFO  o.eclipse.m2e.core.internal.Bundles - 	Entry: C:\Users\prasa\.p2\pool\plugins\org.eclipse.m2e.maven.runtime_3.9.900.20240824-1409\jars\maven-resolver-named-locks-1.9.22.jar
2025-04-13 15:09:16,800 [Worker-11: Launching codeByteLearning (1)] INFO  o.eclipse.m2e.core.internal.Bundles - 	Entry: C:\Users\prasa\.p2\pool\plugins\org.eclipse.m2e.maven.runtime_3.9.900.20240824-1409\jars\maven-resolver-provider-3.9.9.jar
2025-04-13 15:09:16,800 [Worker-11: Launching codeByteLearning (1)] INFO  o.eclipse.m2e.core.internal.Bundles - 	Entry: C:\Users\prasa\.p2\pool\plugins\org.eclipse.m2e.maven.runtime_3.9.900.20240824-1409\jars\maven-resolver-spi-1.9.22.jar
2025-04-13 15:09:16,801 [Worker-11: Launching codeByteLearning (1)] INFO  o.eclipse.m2e.core.internal.Bundles - 	Entry: C:\Users\prasa\.p2\pool\plugins\org.eclipse.m2e.maven.runtime_3.9.900.20240824-1409\jars\maven-resolver-transport-file-1.9.22.jar
2025-04-13 15:09:16,802 [Worker-11: Launching codeByteLearning (1)] INFO  o.eclipse.m2e.core.internal.Bundles - 	Entry: C:\Users\prasa\.p2\pool\plugins\org.eclipse.m2e.maven.runtime_3.9.900.20240824-1409\jars\maven-resolver-transport-http-1.9.22.jar
2025-04-13 15:09:16,803 [Worker-11: Launching codeByteLearning (1)] INFO  o.eclipse.m2e.core.internal.Bundles - 	Entry: C:\Users\prasa\.p2\pool\plugins\org.eclipse.m2e.maven.runtime_3.9.900.20240824-1409\jars\maven-resolver-transport-wagon-1.9.22.jar
2025-04-13 15:09:16,803 [Worker-11: Launching codeByteLearning (1)] INFO  o.eclipse.m2e.core.internal.Bundles - 	Entry: C:\Users\prasa\.p2\pool\plugins\org.eclipse.m2e.maven.runtime_3.9.900.20240824-1409\jars\maven-resolver-util-1.9.22.jar
2025-04-13 15:09:16,804 [Worker-11: Launching codeByteLearning (1)] INFO  o.eclipse.m2e.core.internal.Bundles - 	Entry: C:\Users\prasa\.p2\pool\plugins\org.eclipse.m2e.maven.runtime_3.9.900.20240824-1409\jars\maven-settings-3.9.9.jar
2025-04-13 15:09:16,804 [Worker-11: Launching codeByteLearning (1)] INFO  o.eclipse.m2e.core.internal.Bundles - 	Entry: C:\Users\prasa\.p2\pool\plugins\org.eclipse.m2e.maven.runtime_3.9.900.20240824-1409\jars\maven-settings-builder-3.9.9.jar
2025-04-13 15:09:16,804 [Worker-11: Launching codeByteLearning (1)] INFO  o.eclipse.m2e.core.internal.Bundles - 	Entry: C:\Users\prasa\.p2\pool\plugins\org.eclipse.m2e.maven.runtime_3.9.900.20240824-1409\jars\maven-shared-utils-3.4.2.jar
2025-04-13 15:09:16,804 [Worker-11: Launching codeByteLearning (1)] INFO  o.eclipse.m2e.core.internal.Bundles - 	Entry: C:\Users\prasa\.p2\pool\plugins\org.eclipse.m2e.maven.runtime_3.9.900.20240824-1409\jars\org.eclipse.sisu.inject-0.9.0.M3.jar
2025-04-13 15:09:16,804 [Worker-11: Launching codeByteLearning (1)] INFO  o.eclipse.m2e.core.internal.Bundles - 	Entry: C:\Users\prasa\.p2\pool\plugins\org.eclipse.m2e.maven.runtime_3.9.900.20240824-1409\jars\org.eclipse.sisu.plexus-0.9.0.M3.jar
2025-04-13 15:09:16,804 [Worker-11: Launching codeByteLearning (1)] INFO  o.eclipse.m2e.core.internal.Bundles - 	Entry: C:\Users\prasa\.p2\pool\plugins\org.eclipse.m2e.maven.runtime_3.9.900.20240824-1409\jars\plexus-build-api-0.0.7.jar
2025-04-13 15:09:16,804 [Worker-11: Launching codeByteLearning (1)] INFO  o.eclipse.m2e.core.internal.Bundles - 	Entry: C:\Users\prasa\.p2\pool\plugins\org.eclipse.m2e.maven.runtime_3.9.900.20240824-1409\jars\plexus-build-api-1.2.0.jar
2025-04-13 15:09:16,805 [Worker-11: Launching codeByteLearning (1)] INFO  o.eclipse.m2e.core.internal.Bundles - 	Entry: C:\Users\prasa\.p2\pool\plugins\org.eclipse.m2e.maven.runtime_3.9.900.20240824-1409\jars\plexus-cipher-2.0.jar
2025-04-13 15:09:16,805 [Worker-11: Launching codeByteLearning (1)] INFO  o.eclipse.m2e.core.internal.Bundles - 	Entry: C:\Users\prasa\.p2\pool\plugins\org.eclipse.m2e.maven.runtime_3.9.900.20240824-1409\jars\plexus-classworlds-2.8.0.jar
2025-04-13 15:09:16,805 [Worker-11: Launching codeByteLearning (1)] INFO  o.eclipse.m2e.core.internal.Bundles - 	Entry: C:\Users\prasa\.p2\pool\plugins\org.eclipse.m2e.maven.runtime_3.9.900.20240824-1409\jars\plexus-component-annotations-2.1.0.jar
2025-04-13 15:09:16,806 [Worker-11: Launching codeByteLearning (1)] INFO  o.eclipse.m2e.core.internal.Bundles - 	Entry: C:\Users\prasa\.p2\pool\plugins\org.eclipse.m2e.maven.runtime_3.9.900.20240824-1409\jars\plexus-interpolation-1.27.jar
2025-04-13 15:09:16,806 [Worker-11: Launching codeByteLearning (1)] INFO  o.eclipse.m2e.core.internal.Bundles - 	Entry: C:\Users\prasa\.p2\pool\plugins\org.eclipse.m2e.maven.runtime_3.9.900.20240824-1409\jars\plexus-sec-dispatcher-2.0.jar
2025-04-13 15:09:16,806 [Worker-11: Launching codeByteLearning (1)] INFO  o.eclipse.m2e.core.internal.Bundles - 	Entry: C:\Users\prasa\.p2\pool\plugins\org.eclipse.m2e.maven.runtime_3.9.900.20240824-1409\jars\plexus-utils-3.5.1.jar
2025-04-13 15:09:16,808 [Worker-11: Launching codeByteLearning (1)] INFO  o.eclipse.m2e.core.internal.Bundles - 	Entry: C:\Users\prasa\.p2\pool\plugins\org.eclipse.m2e.maven.runtime_3.9.900.20240824-1409\jars\plexus-xml-3.0.1.jar
2025-04-13 15:09:16,810 [Worker-11: Launching codeByteLearning (1)] INFO  o.eclipse.m2e.core.internal.Bundles - 	Entry: C:\Users\prasa\.p2\pool\plugins\org.eclipse.m2e.maven.runtime_3.9.900.20240824-1409\jars\wagon-file-3.5.3.jar
2025-04-13 15:09:16,812 [Worker-11: Launching codeByteLearning (1)] INFO  o.eclipse.m2e.core.internal.Bundles - 	Entry: C:\Users\prasa\.p2\pool\plugins\org.eclipse.m2e.maven.runtime_3.9.900.20240824-1409\jars\wagon-http-3.5.3.jar
2025-04-13 15:09:16,813 [Worker-11: Launching codeByteLearning (1)] INFO  o.eclipse.m2e.core.internal.Bundles - 	Entry: C:\Users\prasa\.p2\pool\plugins\org.eclipse.m2e.maven.runtime_3.9.900.20240824-1409\jars\wagon-http-shared-3.5.3.jar
2025-04-13 15:09:16,813 [Worker-11: Launching codeByteLearning (1)] INFO  o.eclipse.m2e.core.internal.Bundles - 	Entry: C:\Users\prasa\.p2\pool\plugins\org.eclipse.m2e.maven.runtime_3.9.900.20240824-1409\jars\wagon-provider-api-3.5.3.jar
2025-04-13 15:09:16,813 [Worker-11: Launching codeByteLearning (1)] INFO  o.eclipse.m2e.core.internal.Bundles - getClasspathEntries(Bundle=com.google.guava_33.3.1.jre [16])
2025-04-13 15:09:16,814 [Worker-11: Launching codeByteLearning (1)] INFO  o.eclipse.m2e.core.internal.Bundles - 	Entry: C:\Users\prasa\.p2\pool\plugins\com.google.guava_33.3.1.jre.jar
2025-04-13 15:09:16,814 [Worker-11: Launching codeByteLearning (1)] INFO  o.eclipse.m2e.core.internal.Bundles - getClasspathEntries(Bundle=slf4j.api_2.0.16 [1005])
2025-04-13 15:09:16,815 [Worker-11: Launching codeByteLearning (1)] INFO  o.eclipse.m2e.core.internal.Bundles - 	Entry: C:\Users\prasa\.p2\pool\plugins\slf4j.api_2.0.16.jar
2025-04-13 15:09:16,815 [Worker-11: Launching codeByteLearning (1)] INFO  o.eclipse.m2e.core.internal.Bundles - getClasspathEntries(Bundle=jakarta.inject.jakarta.inject-api_1.0.5 [34])
2025-04-13 15:09:16,816 [Worker-11: Launching codeByteLearning (1)] INFO  o.eclipse.m2e.core.internal.Bundles - 	Entry: C:\Users\prasa\.p2\pool\plugins\jakarta.inject.jakarta.inject-api_1.0.5.jar
2025-04-13 15:09:16,818 [Worker-11: Launching codeByteLearning (1)] INFO  o.eclipse.m2e.core.internal.Bundles - getClasspathEntries(Bundle=jakarta.annotation-api_1.3.5 [29])
2025-04-13 15:09:16,819 [Worker-11: Launching codeByteLearning (1)] INFO  o.eclipse.m2e.core.internal.Bundles - 	Entry: C:\Users\prasa\.p2\pool\plugins\jakarta.annotation-api_1.3.5.jar
2025-04-13 15:09:16,820 [Worker-11: Launching codeByteLearning (1)] INFO  o.eclipse.m2e.core.internal.Bundles - getClasspathEntries(Bundle=org.apache.commons.cli_1.9.0 [75])
2025-04-13 15:09:16,821 [Worker-11: Launching codeByteLearning (1)] INFO  o.eclipse.m2e.core.internal.Bundles - 	Entry: C:\Users\prasa\.p2\pool\plugins\org.apache.commons.cli_1.9.0.jar
2025-04-13 15:09:16,821 [Worker-11: Launching codeByteLearning (1)] INFO  o.eclipse.m2e.core.internal.Bundles - getClasspathEntries(Bundle=org.apache.commons.commons-codec_1.16.0 [78])
2025-04-13 15:09:16,821 [Worker-11: Launching codeByteLearning (1)] INFO  o.eclipse.m2e.core.internal.Bundles - 	Entry: C:\Users\prasa\.p2\pool\plugins\org.apache.commons.commons-codec_1.16.0.jar
2025-04-13 15:09:16,821 [Worker-11: Launching codeByteLearning (1)] INFO  o.eclipse.m2e.core.internal.Bundles - getClasspathEntries(Bundle=com.google.guava.failureaccess_1.0.2 [17])
2025-04-13 15:09:16,822 [Worker-11: Launching codeByteLearning (1)] INFO  o.eclipse.m2e.core.internal.Bundles - 	Entry: C:\Users\prasa\.p2\pool\plugins\com.google.guava.failureaccess_1.0.2.jar
2025-04-13 15:09:16,826 [Worker-11: Launching codeByteLearning (1)] INFO  o.e.m.i.launch.MavenLaunchDelegate - Run build in "C:\Users\prasa\OneDrive\Desktop\projectCode\codeByteLearning":
2025-04-13 15:09:16,826 [Worker-11: Launching codeByteLearning (1)] INFO  o.e.m.i.launch.MavenLaunchDelegate -  mvn  -Ppom.xml -B -Dstyle.color=always 
2025-04-13 15:09:39,921 [Worker-7: Launching Executing install in C__Users_prasa_OneDrive_Desktop_projectCode_codeByteLearning] INFO  o.eclipse.m2e.core.internal.Bundles - getClasspathEntries(Bundle=org.eclipse.m2e.maven.runtime_3.9.900.20240824-1409 [638])
2025-04-13 15:09:39,922 [Worker-7: Launching Executing install in C__Users_prasa_OneDrive_Desktop_projectCode_codeByteLearning] INFO  o.eclipse.m2e.core.internal.Bundles - 	Entry: C:\Users\prasa\.p2\pool\plugins\org.eclipse.m2e.maven.runtime_3.9.900.20240824-1409
2025-04-13 15:09:39,923 [Worker-7: Launching Executing install in C__Users_prasa_OneDrive_Desktop_projectCode_codeByteLearning] INFO  o.eclipse.m2e.core.internal.Bundles - 	Entry: C:\Users\prasa\.p2\pool\plugins\org.eclipse.m2e.maven.runtime_3.9.900.20240824-1409\jars\aopalliance-1.0.jar
2025-04-13 15:09:39,923 [Worker-7: Launching Executing install in C__Users_prasa_OneDrive_Desktop_projectCode_codeByteLearning] INFO  o.eclipse.m2e.core.internal.Bundles - 	Entry: C:\Users\prasa\.p2\pool\plugins\org.eclipse.m2e.maven.runtime_3.9.900.20240824-1409\jars\guice-5.1.0.jar
2025-04-13 15:09:39,924 [Worker-7: Launching Executing install in C__Users_prasa_OneDrive_Desktop_projectCode_codeByteLearning] INFO  o.eclipse.m2e.core.internal.Bundles - 	Entry: C:\Users\prasa\.p2\pool\plugins\org.eclipse.m2e.maven.runtime_3.9.900.20240824-1409\jars\httpclient-4.5.14.jar
2025-04-13 15:09:39,924 [Worker-7: Launching Executing install in C__Users_prasa_OneDrive_Desktop_projectCode_codeByteLearning] INFO  o.eclipse.m2e.core.internal.Bundles - 	Entry: C:\Users\prasa\.p2\pool\plugins\org.eclipse.m2e.maven.runtime_3.9.900.20240824-1409\jars\httpcore-4.4.16.jar
2025-04-13 15:09:39,924 [Worker-7: Launching Executing install in C__Users_prasa_OneDrive_Desktop_projectCode_codeByteLearning] INFO  o.eclipse.m2e.core.internal.Bundles - 	Entry: C:\Users\prasa\.p2\pool\plugins\org.eclipse.m2e.maven.runtime_3.9.900.20240824-1409\jars\jansi-2.4.1.jar
2025-04-13 15:09:39,924 [Worker-7: Launching Executing install in C__Users_prasa_OneDrive_Desktop_projectCode_codeByteLearning] INFO  o.eclipse.m2e.core.internal.Bundles - 	Entry: C:\Users\prasa\.p2\pool\plugins\org.eclipse.m2e.maven.runtime_3.9.900.20240824-1409\jars\jcl-over-slf4j-1.7.36.jar
2025-04-13 15:09:39,924 [Worker-7: Launching Executing install in C__Users_prasa_OneDrive_Desktop_projectCode_codeByteLearning] INFO  o.eclipse.m2e.core.internal.Bundles - 	Entry: C:\Users\prasa\.p2\pool\plugins\org.eclipse.m2e.maven.runtime_3.9.900.20240824-1409\jars\maven-artifact-3.9.9.jar
2025-04-13 15:09:39,924 [Worker-7: Launching Executing install in C__Users_prasa_OneDrive_Desktop_projectCode_codeByteLearning] INFO  o.eclipse.m2e.core.internal.Bundles - 	Entry: C:\Users\prasa\.p2\pool\plugins\org.eclipse.m2e.maven.runtime_3.9.900.20240824-1409\jars\maven-builder-support-3.9.9.jar
2025-04-13 15:09:39,925 [Worker-7: Launching Executing install in C__Users_prasa_OneDrive_Desktop_projectCode_codeByteLearning] INFO  o.eclipse.m2e.core.internal.Bundles - 	Entry: C:\Users\prasa\.p2\pool\plugins\org.eclipse.m2e.maven.runtime_3.9.900.20240824-1409\jars\maven-compat-3.9.9.jar
2025-04-13 15:09:39,925 [Worker-7: Launching Executing install in C__Users_prasa_OneDrive_Desktop_projectCode_codeByteLearning] INFO  o.eclipse.m2e.core.internal.Bundles - 	Entry: C:\Users\prasa\.p2\pool\plugins\org.eclipse.m2e.maven.runtime_3.9.900.20240824-1409\jars\maven-core-3.9.9.jar
2025-04-13 15:09:39,925 [Worker-7: Launching Executing install in C__Users_prasa_OneDrive_Desktop_projectCode_codeByteLearning] INFO  o.eclipse.m2e.core.internal.Bundles - 	Entry: C:\Users\prasa\.p2\pool\plugins\org.eclipse.m2e.maven.runtime_3.9.900.20240824-1409\jars\maven-embedder-3.9.9.jar
2025-04-13 15:09:39,926 [Worker-7: Launching Executing install in C__Users_prasa_OneDrive_Desktop_projectCode_codeByteLearning] INFO  o.eclipse.m2e.core.internal.Bundles - 	Entry: C:\Users\prasa\.p2\pool\plugins\org.eclipse.m2e.maven.runtime_3.9.900.20240824-1409\jars\maven-model-3.9.9.jar
2025-04-13 15:09:39,926 [Worker-7: Launching Executing install in C__Users_prasa_OneDrive_Desktop_projectCode_codeByteLearning] INFO  o.eclipse.m2e.core.internal.Bundles - 	Entry: C:\Users\prasa\.p2\pool\plugins\org.eclipse.m2e.maven.runtime_3.9.900.20240824-1409\jars\maven-model-builder-3.9.9.jar
2025-04-13 15:09:39,926 [Worker-7: Launching Executing install in C__Users_prasa_OneDrive_Desktop_projectCode_codeByteLearning] INFO  o.eclipse.m2e.core.internal.Bundles - 	Entry: C:\Users\prasa\.p2\pool\plugins\org.eclipse.m2e.maven.runtime_3.9.900.20240824-1409\jars\maven-plugin-api-3.9.9.jar
2025-04-13 15:09:39,927 [Worker-7: Launching Executing install in C__Users_prasa_OneDrive_Desktop_projectCode_codeByteLearning] INFO  o.eclipse.m2e.core.internal.Bundles - 	Entry: C:\Users\prasa\.p2\pool\plugins\org.eclipse.m2e.maven.runtime_3.9.900.20240824-1409\jars\maven-repository-metadata-3.9.9.jar
2025-04-13 15:09:39,927 [Worker-7: Launching Executing install in C__Users_prasa_OneDrive_Desktop_projectCode_codeByteLearning] INFO  o.eclipse.m2e.core.internal.Bundles - 	Entry: C:\Users\prasa\.p2\pool\plugins\org.eclipse.m2e.maven.runtime_3.9.900.20240824-1409\jars\maven-resolver-api-1.9.22.jar
2025-04-13 15:09:39,927 [Worker-7: Launching Executing install in C__Users_prasa_OneDrive_Desktop_projectCode_codeByteLearning] INFO  o.eclipse.m2e.core.internal.Bundles - 	Entry: C:\Users\prasa\.p2\pool\plugins\org.eclipse.m2e.maven.runtime_3.9.900.20240824-1409\jars\maven-resolver-connector-basic-1.9.22.jar
2025-04-13 15:09:39,927 [Worker-7: Launching Executing install in C__Users_prasa_OneDrive_Desktop_projectCode_codeByteLearning] INFO  o.eclipse.m2e.core.internal.Bundles - 	Entry: C:\Users\prasa\.p2\pool\plugins\org.eclipse.m2e.maven.runtime_3.9.900.20240824-1409\jars\maven-resolver-impl-1.9.22.jar
2025-04-13 15:09:39,928 [Worker-7: Launching Executing install in C__Users_prasa_OneDrive_Desktop_projectCode_codeByteLearning] INFO  o.eclipse.m2e.core.internal.Bundles - 	Entry: C:\Users\prasa\.p2\pool\plugins\org.eclipse.m2e.maven.runtime_3.9.900.20240824-1409\jars\maven-resolver-named-locks-1.9.22.jar
2025-04-13 15:09:39,928 [Worker-7: Launching Executing install in C__Users_prasa_OneDrive_Desktop_projectCode_codeByteLearning] INFO  o.eclipse.m2e.core.internal.Bundles - 	Entry: C:\Users\prasa\.p2\pool\plugins\org.eclipse.m2e.maven.runtime_3.9.900.20240824-1409\jars\maven-resolver-provider-3.9.9.jar
2025-04-13 15:09:39,929 [Worker-7: Launching Executing install in C__Users_prasa_OneDrive_Desktop_projectCode_codeByteLearning] INFO  o.eclipse.m2e.core.internal.Bundles - 	Entry: C:\Users\prasa\.p2\pool\plugins\org.eclipse.m2e.maven.runtime_3.9.900.20240824-1409\jars\maven-resolver-spi-1.9.22.jar
2025-04-13 15:09:39,929 [Worker-7: Launching Executing install in C__Users_prasa_OneDrive_Desktop_projectCode_codeByteLearning] INFO  o.eclipse.m2e.core.internal.Bundles - 	Entry: C:\Users\prasa\.p2\pool\plugins\org.eclipse.m2e.maven.runtime_3.9.900.20240824-1409\jars\maven-resolver-transport-file-1.9.22.jar
2025-04-13 15:09:39,929 [Worker-7: Launching Executing install in C__Users_prasa_OneDrive_Desktop_projectCode_codeByteLearning] INFO  o.eclipse.m2e.core.internal.Bundles - 	Entry: C:\Users\prasa\.p2\pool\plugins\org.eclipse.m2e.maven.runtime_3.9.900.20240824-1409\jars\maven-resolver-transport-http-1.9.22.jar
2025-04-13 15:09:39,929 [Worker-7: Launching Executing install in C__Users_prasa_OneDrive_Desktop_projectCode_codeByteLearning] INFO  o.eclipse.m2e.core.internal.Bundles - 	Entry: C:\Users\prasa\.p2\pool\plugins\org.eclipse.m2e.maven.runtime_3.9.900.20240824-1409\jars\maven-resolver-transport-wagon-1.9.22.jar
2025-04-13 15:09:39,929 [Worker-7: Launching Executing install in C__Users_prasa_OneDrive_Desktop_projectCode_codeByteLearning] INFO  o.eclipse.m2e.core.internal.Bundles - 	Entry: C:\Users\prasa\.p2\pool\plugins\org.eclipse.m2e.maven.runtime_3.9.900.20240824-1409\jars\maven-resolver-util-1.9.22.jar
2025-04-13 15:09:39,929 [Worker-7: Launching Executing install in C__Users_prasa_OneDrive_Desktop_projectCode_codeByteLearning] INFO  o.eclipse.m2e.core.internal.Bundles - 	Entry: C:\Users\prasa\.p2\pool\plugins\org.eclipse.m2e.maven.runtime_3.9.900.20240824-1409\jars\maven-settings-3.9.9.jar
2025-04-13 15:09:39,930 [Worker-7: Launching Executing install in C__Users_prasa_OneDrive_Desktop_projectCode_codeByteLearning] INFO  o.eclipse.m2e.core.internal.Bundles - 	Entry: C:\Users\prasa\.p2\pool\plugins\org.eclipse.m2e.maven.runtime_3.9.900.20240824-1409\jars\maven-settings-builder-3.9.9.jar
2025-04-13 15:09:39,930 [Worker-7: Launching Executing install in C__Users_prasa_OneDrive_Desktop_projectCode_codeByteLearning] INFO  o.eclipse.m2e.core.internal.Bundles - 	Entry: C:\Users\prasa\.p2\pool\plugins\org.eclipse.m2e.maven.runtime_3.9.900.20240824-1409\jars\maven-shared-utils-3.4.2.jar
2025-04-13 15:09:39,931 [Worker-7: Launching Executing install in C__Users_prasa_OneDrive_Desktop_projectCode_codeByteLearning] INFO  o.eclipse.m2e.core.internal.Bundles - 	Entry: C:\Users\prasa\.p2\pool\plugins\org.eclipse.m2e.maven.runtime_3.9.900.20240824-1409\jars\org.eclipse.sisu.inject-0.9.0.M3.jar
2025-04-13 15:09:39,932 [Worker-7: Launching Executing install in C__Users_prasa_OneDrive_Desktop_projectCode_codeByteLearning] INFO  o.eclipse.m2e.core.internal.Bundles - 	Entry: C:\Users\prasa\.p2\pool\plugins\org.eclipse.m2e.maven.runtime_3.9.900.20240824-1409\jars\org.eclipse.sisu.plexus-0.9.0.M3.jar
2025-04-13 15:09:39,933 [Worker-7: Launching Executing install in C__Users_prasa_OneDrive_Desktop_projectCode_codeByteLearning] INFO  o.eclipse.m2e.core.internal.Bundles - 	Entry: C:\Users\prasa\.p2\pool\plugins\org.eclipse.m2e.maven.runtime_3.9.900.20240824-1409\jars\plexus-build-api-0.0.7.jar
2025-04-13 15:09:39,933 [Worker-7: Launching Executing install in C__Users_prasa_OneDrive_Desktop_projectCode_codeByteLearning] INFO  o.eclipse.m2e.core.internal.Bundles - 	Entry: C:\Users\prasa\.p2\pool\plugins\org.eclipse.m2e.maven.runtime_3.9.900.20240824-1409\jars\plexus-build-api-1.2.0.jar
2025-04-13 15:09:39,933 [Worker-7: Launching Executing install in C__Users_prasa_OneDrive_Desktop_projectCode_codeByteLearning] INFO  o.eclipse.m2e.core.internal.Bundles - 	Entry: C:\Users\prasa\.p2\pool\plugins\org.eclipse.m2e.maven.runtime_3.9.900.20240824-1409\jars\plexus-cipher-2.0.jar
2025-04-13 15:09:39,933 [Worker-7: Launching Executing install in C__Users_prasa_OneDrive_Desktop_projectCode_codeByteLearning] INFO  o.eclipse.m2e.core.internal.Bundles - 	Entry: C:\Users\prasa\.p2\pool\plugins\org.eclipse.m2e.maven.runtime_3.9.900.20240824-1409\jars\plexus-classworlds-2.8.0.jar
2025-04-13 15:09:39,933 [Worker-7: Launching Executing install in C__Users_prasa_OneDrive_Desktop_projectCode_codeByteLearning] INFO  o.eclipse.m2e.core.internal.Bundles - 	Entry: C:\Users\prasa\.p2\pool\plugins\org.eclipse.m2e.maven.runtime_3.9.900.20240824-1409\jars\plexus-component-annotations-2.1.0.jar
2025-04-13 15:09:39,933 [Worker-7: Launching Executing install in C__Users_prasa_OneDrive_Desktop_projectCode_codeByteLearning] INFO  o.eclipse.m2e.core.internal.Bundles - 	Entry: C:\Users\prasa\.p2\pool\plugins\org.eclipse.m2e.maven.runtime_3.9.900.20240824-1409\jars\plexus-interpolation-1.27.jar
2025-04-13 15:09:39,934 [Worker-7: Launching Executing install in C__Users_prasa_OneDrive_Desktop_projectCode_codeByteLearning] INFO  o.eclipse.m2e.core.internal.Bundles - 	Entry: C:\Users\prasa\.p2\pool\plugins\org.eclipse.m2e.maven.runtime_3.9.900.20240824-1409\jars\plexus-sec-dispatcher-2.0.jar
2025-04-13 15:09:39,934 [Worker-7: Launching Executing install in C__Users_prasa_OneDrive_Desktop_projectCode_codeByteLearning] INFO  o.eclipse.m2e.core.internal.Bundles - 	Entry: C:\Users\prasa\.p2\pool\plugins\org.eclipse.m2e.maven.runtime_3.9.900.20240824-1409\jars\plexus-utils-3.5.1.jar
2025-04-13 15:09:39,935 [Worker-7: Launching Executing install in C__Users_prasa_OneDrive_Desktop_projectCode_codeByteLearning] INFO  o.eclipse.m2e.core.internal.Bundles - 	Entry: C:\Users\prasa\.p2\pool\plugins\org.eclipse.m2e.maven.runtime_3.9.900.20240824-1409\jars\plexus-xml-3.0.1.jar
2025-04-13 15:09:39,935 [Worker-7: Launching Executing install in C__Users_prasa_OneDrive_Desktop_projectCode_codeByteLearning] INFO  o.eclipse.m2e.core.internal.Bundles - 	Entry: C:\Users\prasa\.p2\pool\plugins\org.eclipse.m2e.maven.runtime_3.9.900.20240824-1409\jars\wagon-file-3.5.3.jar
2025-04-13 15:09:39,935 [Worker-7: Launching Executing install in C__Users_prasa_OneDrive_Desktop_projectCode_codeByteLearning] INFO  o.eclipse.m2e.core.internal.Bundles - 	Entry: C:\Users\prasa\.p2\pool\plugins\org.eclipse.m2e.maven.runtime_3.9.900.20240824-1409\jars\wagon-http-3.5.3.jar
2025-04-13 15:09:39,935 [Worker-7: Launching Executing install in C__Users_prasa_OneDrive_Desktop_projectCode_codeByteLearning] INFO  o.eclipse.m2e.core.internal.Bundles - 	Entry: C:\Users\prasa\.p2\pool\plugins\org.eclipse.m2e.maven.runtime_3.9.900.20240824-1409\jars\wagon-http-shared-3.5.3.jar
2025-04-13 15:09:39,935 [Worker-7: Launching Executing install in C__Users_prasa_OneDrive_Desktop_projectCode_codeByteLearning] INFO  o.eclipse.m2e.core.internal.Bundles - 	Entry: C:\Users\prasa\.p2\pool\plugins\org.eclipse.m2e.maven.runtime_3.9.900.20240824-1409\jars\wagon-provider-api-3.5.3.jar
2025-04-13 15:09:39,936 [Worker-7: Launching Executing install in C__Users_prasa_OneDrive_Desktop_projectCode_codeByteLearning] INFO  o.eclipse.m2e.core.internal.Bundles - getClasspathEntries(Bundle=com.google.guava_33.3.1.jre [16])
2025-04-13 15:09:39,937 [Worker-7: Launching Executing install in C__Users_prasa_OneDrive_Desktop_projectCode_codeByteLearning] INFO  o.eclipse.m2e.core.internal.Bundles - 	Entry: C:\Users\prasa\.p2\pool\plugins\com.google.guava_33.3.1.jre.jar
2025-04-13 15:09:39,937 [Worker-7: Launching Executing install in C__Users_prasa_OneDrive_Desktop_projectCode_codeByteLearning] INFO  o.eclipse.m2e.core.internal.Bundles - getClasspathEntries(Bundle=slf4j.api_2.0.16 [1005])
2025-04-13 15:09:39,938 [Worker-7: Launching Executing install in C__Users_prasa_OneDrive_Desktop_projectCode_codeByteLearning] INFO  o.eclipse.m2e.core.internal.Bundles - 	Entry: C:\Users\prasa\.p2\pool\plugins\slf4j.api_2.0.16.jar
2025-04-13 15:09:39,938 [Worker-7: Launching Executing install in C__Users_prasa_OneDrive_Desktop_projectCode_codeByteLearning] INFO  o.eclipse.m2e.core.internal.Bundles - getClasspathEntries(Bundle=jakarta.inject.jakarta.inject-api_1.0.5 [34])
2025-04-13 15:09:39,938 [Worker-7: Launching Executing install in C__Users_prasa_OneDrive_Desktop_projectCode_codeByteLearning] INFO  o.eclipse.m2e.core.internal.Bundles - 	Entry: C:\Users\prasa\.p2\pool\plugins\jakarta.inject.jakarta.inject-api_1.0.5.jar
2025-04-13 15:09:39,939 [Worker-7: Launching Executing install in C__Users_prasa_OneDrive_Desktop_projectCode_codeByteLearning] INFO  o.eclipse.m2e.core.internal.Bundles - getClasspathEntries(Bundle=jakarta.annotation-api_1.3.5 [29])
2025-04-13 15:09:39,939 [Worker-7: Launching Executing install in C__Users_prasa_OneDrive_Desktop_projectCode_codeByteLearning] INFO  o.eclipse.m2e.core.internal.Bundles - 	Entry: C:\Users\prasa\.p2\pool\plugins\jakarta.annotation-api_1.3.5.jar
2025-04-13 15:09:39,940 [Worker-7: Launching Executing install in C__Users_prasa_OneDrive_Desktop_projectCode_codeByteLearning] INFO  o.eclipse.m2e.core.internal.Bundles - getClasspathEntries(Bundle=org.apache.commons.cli_1.9.0 [75])
2025-04-13 15:09:39,940 [Worker-7: Launching Executing install in C__Users_prasa_OneDrive_Desktop_projectCode_codeByteLearning] INFO  o.eclipse.m2e.core.internal.Bundles - 	Entry: C:\Users\prasa\.p2\pool\plugins\org.apache.commons.cli_1.9.0.jar
2025-04-13 15:09:39,940 [Worker-7: Launching Executing install in C__Users_prasa_OneDrive_Desktop_projectCode_codeByteLearning] INFO  o.eclipse.m2e.core.internal.Bundles - getClasspathEntries(Bundle=org.apache.commons.commons-codec_1.16.0 [78])
2025-04-13 15:09:39,941 [Worker-7: Launching Executing install in C__Users_prasa_OneDrive_Desktop_projectCode_codeByteLearning] INFO  o.eclipse.m2e.core.internal.Bundles - 	Entry: C:\Users\prasa\.p2\pool\plugins\org.apache.commons.commons-codec_1.16.0.jar
2025-04-13 15:09:39,941 [Worker-7: Launching Executing install in C__Users_prasa_OneDrive_Desktop_projectCode_codeByteLearning] INFO  o.eclipse.m2e.core.internal.Bundles - getClasspathEntries(Bundle=com.google.guava.failureaccess_1.0.2 [17])
2025-04-13 15:09:39,941 [Worker-7: Launching Executing install in C__Users_prasa_OneDrive_Desktop_projectCode_codeByteLearning] INFO  o.eclipse.m2e.core.internal.Bundles - 	Entry: C:\Users\prasa\.p2\pool\plugins\com.google.guava.failureaccess_1.0.2.jar
2025-04-13 15:09:39,943 [Worker-7: Launching Executing install in C__Users_prasa_OneDrive_Desktop_projectCode_codeByteLearning] INFO  o.e.m.i.launch.MavenLaunchDelegate - Run build in "C:\Users\prasa\OneDrive\Desktop\projectCode\codeByteLearning":
2025-04-13 15:09:39,944 [Worker-7: Launching Executing install in C__Users_prasa_OneDrive_Desktop_projectCode_codeByteLearning] INFO  o.e.m.i.launch.MavenLaunchDelegate -  mvn  -Ppom.xml -B -Dstyle.color=always install
2025-04-13 15:15:25,139 [Worker-11: Building] INFO  o.a.m.s.f.DefaultMavenResourcesFiltering - Copying 1 resource from src\main\resources to target\classes
2025-04-13 15:15:25,148 [Worker-11: Building] INFO  o.a.m.s.f.DefaultMavenResourcesFiltering - Copying 0 resource from src\main\resources to target\classes
2025-04-13 15:15:25,153 [Worker-11: Building] INFO  o.a.m.s.f.DefaultMavenResourcesFiltering - skip non existing resourceDirectory C:\Users\prasa\OneDrive\Desktop\projectCode\codeByteLearning\src\test\resources
2025-04-13 15:20:53,396 [Worker-11: Building] INFO  o.a.m.s.f.DefaultMavenResourcesFiltering - Copying 1 resource from src\main\resources to target\classes
2025-04-13 15:20:53,414 [Worker-11: Building] INFO  o.a.m.s.f.DefaultMavenResourcesFiltering - Copying 0 resource from src\main\resources to target\classes
2025-04-13 15:20:53,420 [Worker-11: Building] INFO  o.a.m.s.f.DefaultMavenResourcesFiltering - skip non existing resourceDirectory C:\Users\prasa\OneDrive\Desktop\projectCode\codeByteLearning\src\test\resources
2025-04-13 15:21:19,864 [Worker-0: Building] INFO  o.a.m.s.f.DefaultMavenResourcesFiltering - Copying 1 resource from src\main\resources to target\classes
2025-04-13 15:21:19,874 [Worker-0: Building] INFO  o.a.m.s.f.DefaultMavenResourcesFiltering - Copying 0 resource from src\main\resources to target\classes
2025-04-13 15:21:19,881 [Worker-0: Building] INFO  o.a.m.s.f.DefaultMavenResourcesFiltering - skip non existing resourceDirectory C:\Users\prasa\OneDrive\Desktop\projectCode\codeByteLearning\src\test\resources
2025-04-13 15:24:25,317 [Worker-16: Building] INFO  o.a.m.s.f.DefaultMavenResourcesFiltering - Copying 1 resource from src\main\resources to target\classes
2025-04-13 15:24:25,329 [Worker-16: Building] INFO  o.a.m.s.f.DefaultMavenResourcesFiltering - Copying 0 resource from src\main\resources to target\classes
2025-04-13 15:24:25,336 [Worker-16: Building] INFO  o.a.m.s.f.DefaultMavenResourcesFiltering - skip non existing resourceDirectory C:\Users\prasa\OneDrive\Desktop\projectCode\codeByteLearning\src\test\resources
2025-04-13 15:28:14,020 [Worker-20: Building] INFO  o.a.m.s.f.DefaultMavenResourcesFiltering - Copying 1 resource from src\main\resources to target\classes
2025-04-13 15:28:14,029 [Worker-20: Building] INFO  o.a.m.s.f.DefaultMavenResourcesFiltering - Copying 0 resource from src\main\resources to target\classes
2025-04-13 15:28:14,034 [Worker-20: Building] INFO  o.a.m.s.f.DefaultMavenResourcesFiltering - skip non existing resourceDirectory C:\Users\prasa\OneDrive\Desktop\projectCode\codeByteLearning\src\test\resources
2025-04-13 15:34:04,510 [Worker-17: Building] INFO  o.a.m.s.f.DefaultMavenResourcesFiltering - Copying 1 resource from src\main\resources to target\classes
2025-04-13 15:34:04,520 [Worker-17: Building] INFO  o.a.m.s.f.DefaultMavenResourcesFiltering - Copying 0 resource from src\main\resources to target\classes
2025-04-13 15:34:04,524 [Worker-17: Building] INFO  o.a.m.s.f.DefaultMavenResourcesFiltering - skip non existing resourceDirectory C:\Users\prasa\OneDrive\Desktop\projectCode\codeByteLearning\src\test\resources
2025-04-13 15:36:36,455 [Worker-17: Building] INFO  o.a.m.s.f.DefaultMavenResourcesFiltering - Copying 1 resource from src\main\resources to target\classes
2025-04-13 15:36:36,462 [Worker-17: Building] INFO  o.a.m.s.f.DefaultMavenResourcesFiltering - Copying 0 resource from src\main\resources to target\classes
2025-04-13 15:36:36,468 [Worker-17: Building] INFO  o.a.m.s.f.DefaultMavenResourcesFiltering - skip non existing resourceDirectory C:\Users\prasa\OneDrive\Desktop\projectCode\codeByteLearning\src\test\resources
2025-04-13 15:36:49,459 [Worker-25: Building] INFO  o.a.m.s.f.DefaultMavenResourcesFiltering - Copying 1 resource from src\main\resources to target\classes
2025-04-13 15:36:49,467 [Worker-25: Building] INFO  o.a.m.s.f.DefaultMavenResourcesFiltering - Copying 0 resource from src\main\resources to target\classes
2025-04-13 15:36:49,472 [Worker-25: Building] INFO  o.a.m.s.f.DefaultMavenResourcesFiltering - skip non existing resourceDirectory C:\Users\prasa\OneDrive\Desktop\projectCode\codeByteLearning\src\test\resources
